# JRE version: OpenJDK Runtime Environment (21.0.8) (build 21.0.8+-14196175-b1038.72)
# Java VM: OpenJDK 64-Bit Server VM (21.0.8+-14196175-b1038.72, mixed mode, tiered, compressed oops, compressed class ptrs, g1 gc, windows-amd64)
GC Precious Log:
 CardTable entry size: 512
 Card Set container configuration: InlinePtr #cards 5 size 8 Array Of Cards #cards 12 size 40 Howl #buckets 4 coarsen threshold 1843 Howl Bitmap #cards 512 size 80 coarsen threshold 460 Card regions per heap region 1 cards per card region 2048
 CPUs: 12 total, 12 available
 Memory: 7876M
 Large Page Support: Disabled
 NUMA Support: Disabled
 Compressed Oops: Enabled (32-bit)
 Heap Region Size: 1M
 Heap Min Capacity: 8M
 Heap Initial Capacity: 124M
 Heap Max Capacity: 2G
 Pre-touch: Disabled
 Parallel Workers: 10
 Concurrent Workers: 3
 Concurrent Refinement Workers: 10
 Periodic GC: Disabled
Heap:
 garbage-first heap   total 147456K, used 93087K [0x0000000080000000, 0x0000000100000000)
  region size 1024K, 7 young (7168K), 5 survivors (5120K)
 Metaspace       used 93644K, committed 95744K, reserved 1179648K
  class space    used 13015K, committed 14016K, reserved 1048576K
GC Heap History (20 events):
Event: 32.850 GC heap before
{Heap before GC invocations=22 (full 0):
 garbage-first heap   total 100352K, used 65441K [0x0000000080000000, 0x0000000100000000)
  region size 1024K, 12 young (12288K), 4 survivors (4096K)
 Metaspace       used 71427K, committed 73344K, reserved 1114112K
  class space    used 10146K, committed 11072K, reserved 1048576K
}
Event: 32.857 GC heap after
{Heap after GC invocations=23 (full 0):
 garbage-first heap   total 100352K, used 59270K [0x0000000080000000, 0x0000000100000000)
  region size 1024K, 1 young (1024K), 1 survivors (1024K)
 Metaspace       used 71427K, committed 73344K, reserved 1114112K
  class space    used 10146K, committed 11072K, reserved 1048576K
}
Event: 34.032 GC heap before
{Heap before GC invocations=24 (full 0):
 garbage-first heap   total 102400K, used 101254K [0x0000000080000000, 0x0000000100000000)
  region size 1024K, 29 young (29696K), 1 survivors (1024K)
 Metaspace       used 72907K, committed 74816K, reserved 1114112K
  class space    used 10336K, committed 11264K, reserved 1048576K
}
Event: 34.042 GC heap after
{Heap after GC invocations=25 (full 0):
 garbage-first heap   total 110592K, used 79660K [0x0000000080000000, 0x0000000100000000)
  region size 1024K, 4 young (4096K), 4 survivors (4096K)
 Metaspace       used 72907K, committed 74816K, reserved 1114112K
  class space    used 10336K, committed 11264K, reserved 1048576K
}
Event: 34.803 GC heap before
{Heap before GC invocations=25 (full 0):
 garbage-first heap   total 110592K, used 99116K [0x0000000080000000, 0x0000000100000000)
  region size 1024K, 24 young (24576K), 4 survivors (4096K)
 Metaspace       used 74825K, committed 76736K, reserved 1179648K
  class space    used 10611K, committed 11520K, reserved 1048576K
}
Event: 34.808 GC heap after
{Heap after GC invocations=26 (full 0):
 garbage-first heap   total 110592K, used 79561K [0x0000000080000000, 0x0000000100000000)
  region size 1024K, 1 young (1024K), 1 survivors (1024K)
 Metaspace       used 74825K, committed 76736K, reserved 1179648K
  class space    used 10611K, committed 11520K, reserved 1048576K
}
Event: 35.550 GC heap before
{Heap before GC invocations=26 (full 0):
 garbage-first heap   total 110592K, used 100041K [0x0000000080000000, 0x0000000100000000)
  region size 1024K, 22 young (22528K), 1 survivors (1024K)
 Metaspace       used 77494K, committed 79360K, reserved 1179648K
  class space    used 10855K, committed 11776K, reserved 1048576K
}
Event: 35.554 GC heap after
{Heap after GC invocations=27 (full 0):
 garbage-first heap   total 110592K, used 80317K [0x0000000080000000, 0x0000000100000000)
  region size 1024K, 2 young (2048K), 2 survivors (2048K)
 Metaspace       used 77494K, committed 79360K, reserved 1179648K
  class space    used 10855K, committed 11776K, reserved 1048576K
}
Event: 36.295 GC heap before
{Heap before GC invocations=28 (full 0):
 garbage-first heap   total 137216K, used 97725K [0x0000000080000000, 0x0000000100000000)
  region size 1024K, 20 young (20480K), 2 survivors (2048K)
 Metaspace       used 79840K, committed 81792K, reserved 1179648K
  class space    used 11086K, committed 11968K, reserved 1048576K
}
Event: 36.302 GC heap after
{Heap after GC invocations=29 (full 0):
 garbage-first heap   total 137216K, used 80732K [0x0000000080000000, 0x0000000100000000)
  region size 1024K, 2 young (2048K), 2 survivors (2048K)
 Metaspace       used 79840K, committed 81792K, reserved 1179648K
  class space    used 11086K, committed 11968K, reserved 1048576K
}
Event: 38.042 GC heap before
{Heap before GC invocations=29 (full 0):
 garbage-first heap   total 137216K, used 123740K [0x0000000080000000, 0x0000000100000000)
  region size 1024K, 41 young (41984K), 2 survivors (2048K)
 Metaspace       used 83727K, committed 85760K, reserved 1179648K
  class space    used 11668K, committed 12672K, reserved 1048576K
}
Event: 38.059 GC heap after
{Heap after GC invocations=30 (full 0):
 garbage-first heap   total 137216K, used 89807K [0x0000000080000000, 0x0000000100000000)
  region size 1024K, 6 young (6144K), 6 survivors (6144K)
 Metaspace       used 83727K, committed 85760K, reserved 1179648K
  class space    used 11668K, committed 12672K, reserved 1048576K
}
Event: 38.100 GC heap before
{Heap before GC invocations=30 (full 0):
 garbage-first heap   total 137216K, used 90831K [0x0000000080000000, 0x0000000100000000)
  region size 1024K, 8 young (8192K), 6 survivors (6144K)
 Metaspace       used 83732K, committed 85760K, reserved 1179648K
  class space    used 11668K, committed 12672K, reserved 1048576K
}
Event: 38.111 GC heap after
{Heap after GC invocations=31 (full 0):
 garbage-first heap   total 137216K, used 87527K [0x0000000080000000, 0x0000000100000000)
  region size 1024K, 1 young (1024K), 1 survivors (1024K)
 Metaspace       used 83732K, committed 85760K, reserved 1179648K
  class space    used 11668K, committed 12672K, reserved 1048576K
}
Event: 39.989 GC heap before
{Heap before GC invocations=32 (full 0):
 garbage-first heap   total 147456K, used 120295K [0x0000000080000000, 0x0000000100000000)
  region size 1024K, 33 young (33792K), 1 survivors (1024K)
 Metaspace       used 86184K, committed 88192K, reserved 1179648K
  class space    used 12012K, committed 12992K, reserved 1048576K
}
Event: 40.001 GC heap after
{Heap after GC invocations=33 (full 0):
 garbage-first heap   total 147456K, used 88944K [0x0000000080000000, 0x0000000100000000)
  region size 1024K, 3 young (3072K), 3 survivors (3072K)
 Metaspace       used 86184K, committed 88192K, reserved 1179648K
  class space    used 12012K, committed 12992K, reserved 1048576K
}
Event: 42.384 GC heap before
{Heap before GC invocations=33 (full 0):
 garbage-first heap   total 147456K, used 129904K [0x0000000080000000, 0x0000000100000000)
  region size 1024K, 43 young (44032K), 3 survivors (3072K)
 Metaspace       used 90468K, committed 92544K, reserved 1179648K
  class space    used 12587K, committed 13632K, reserved 1048576K
}
Event: 42.390 GC heap after
{Heap after GC invocations=34 (full 0):
 garbage-first heap   total 147456K, used 89883K [0x0000000080000000, 0x0000000100000000)
  region size 1024K, 5 young (5120K), 5 survivors (5120K)
 Metaspace       used 90468K, committed 92544K, reserved 1179648K
  class space    used 12587K, committed 13632K, reserved 1048576K
}
Event: 44.869 GC heap before
{Heap before GC invocations=34 (full 0):
 garbage-first heap   total 147456K, used 130843K [0x0000000080000000, 0x0000000100000000)
  region size 1024K, 45 young (46080K), 5 survivors (5120K)
 Metaspace       used 93565K, committed 95680K, reserved 1179648K
  class space    used 13002K, committed 14016K, reserved 1048576K
}
Event: 44.878 GC heap after
{Heap after GC invocations=35 (full 0):
 garbage-first heap   total 147456K, used 92063K [0x0000000080000000, 0x0000000100000000)
  region size 1024K, 5 young (5120K), 5 survivors (5120K)
 Metaspace       used 93565K, committed 95680K, reserved 1179648K
  class space    used 13002K, committed 14016K, reserved 1048576K
}

